<?xml version="1.0" encoding="UTF-8"?>
<!-- Generated by org.testng.reporters.JUnitXMLReporter -->
<testsuite hostname="LAPTOP-M3HOIN6R" ignored="0" name="Test" tests="4" failures="0" timestamp="2021-08-10T17:57:26 IST" time="0.183" errors="0">
  <testcase name="deleteTwitter" time="0.014" classname="rahulshettyacademy.Mavenjava.RestAPITest"/>
  <testcase name="postJira" time="0.002" classname="rahulshettyacademy.Mavenjava.RestAPITest"/>
  <testcase name="IOSApps" time="0.001" classname="rahulshettyacademy.Mavenjava.AppiumTest"/>
  <testcase name="NativeAppAndroid" time="0.0" classname="rahulshettyacademy.Mavenjava.AppiumTest"/>
</testsuite> <!-- Test -->
