<?xml version="1.0" encoding="UTF-8"?>
<testng-results skipped="0" failed="0" ignored="0" total="4" passed="4">
  <reporter-output>
  </reporter-output>
  <suite name="Suite" duration-ms="183" started-at="2021-08-10T17:57:26 IST" finished-at="2021-08-10T17:57:26 IST">
    <groups>
    </groups>
    <test name="Test" duration-ms="183" started-at="2021-08-10T17:57:26 IST" finished-at="2021-08-10T17:57:26 IST">
      <class name="rahulshettyacademy.Mavenjava.RestAPITest">
        <test-method status="PASS" signature="deleteTwitter()[pri:0, instance:rahulshettyacademy.Mavenjava.RestAPITest@3cef309d]" name="deleteTwitter" duration-ms="14" started-at="2021-08-10T17:57:26 IST" finished-at="2021-08-10T17:57:26 IST">
          <reporter-output>
          </reporter-output>
        </test-method> <!-- deleteTwitter -->
        <test-method status="PASS" signature="postJira()[pri:0, instance:rahulshettyacademy.Mavenjava.RestAPITest@3cef309d]" name="postJira" duration-ms="2" started-at="2021-08-10T17:57:26 IST" finished-at="2021-08-10T17:57:26 IST">
          <reporter-output>
          </reporter-output>
        </test-method> <!-- postJira -->
      </class> <!-- rahulshettyacademy.Mavenjava.RestAPITest -->
      <class name="rahulshettyacademy.Mavenjava.AppiumTest">
        <test-method status="PASS" signature="IOSApps()[pri:0, instance:rahulshettyacademy.Mavenjava.AppiumTest@1efed156]" name="IOSApps" duration-ms="1" started-at="2021-08-10T17:57:26 IST" finished-at="2021-08-10T17:57:26 IST">
          <reporter-output>
          </reporter-output>
        </test-method> <!-- IOSApps -->
        <test-method status="PASS" signature="NativeAppAndroid()[pri:0, instance:rahulshettyacademy.Mavenjava.AppiumTest@1efed156]" name="NativeAppAndroid" duration-ms="0" started-at="2021-08-10T17:57:26 IST" finished-at="2021-08-10T17:57:26 IST">
          <reporter-output>
          </reporter-output>
        </test-method> <!-- NativeAppAndroid -->
      </class> <!-- rahulshettyacademy.Mavenjava.AppiumTest -->
    </test> <!-- Test -->
  </suite> <!-- Suite -->
</testng-results>
